<?xml version="1.0" encoding="UTF-8"?>
<coverage generated="1696983412270" clover="3.2.0">
  <project timestamp="1696983412270" name="All files">
    <metrics statements="25" coveredstatements="19" conditionals="11" coveredconditionals="9" methods="9" coveredmethods="7" elements="45" coveredelements="35" complexity="0" loc="25" ncloc="25" packages="4" files="4" classes="4"/>
    <package name="components">
      <metrics statements="2" coveredstatements="0" conditionals="0" coveredconditionals="0" methods="1" coveredmethods="0"/>
      <file name="TitleComponent.vue" path="C:/Projetos/unity-test-course/src/components/TitleComponent.vue">
        <metrics statements="2" coveredstatements="0" conditionals="0" coveredconditionals="0" methods="1" coveredmethods="0"/>
        <line num="10" count="0" type="stmt"/>
        <line num="11" count="0" type="stmt"/>
      </file>
    </package>
    <package name="stores">
      <metrics statements="4" coveredstatements="3" conditionals="0" coveredconditionals="0" methods="3" coveredmethods="2"/>
      <file name="appStore.js" path="C:/Projetos/unity-test-course/src/stores/appStore.js">
        <metrics statements="4" coveredstatements="3" conditionals="0" coveredconditionals="0" methods="3" coveredmethods="2"/>
        <line num="3" count="1" type="stmt"/>
        <line num="4" count="5" type="stmt"/>
        <line num="9" count="0" type="stmt"/>
        <line num="14" count="7" type="stmt"/>
      </file>
    </package>
    <package name="utils">
      <metrics statements="3" coveredstatements="3" conditionals="2" coveredconditionals="2" methods="1" coveredmethods="1"/>
      <file name="wrapperFactory.js" path="C:/Projetos/unity-test-course/src/utils/wrapperFactory.js">
        <metrics statements="3" coveredstatements="3" conditionals="2" coveredconditionals="2" methods="1" coveredmethods="1"/>
        <line num="5" count="1" type="stmt"/>
        <line num="7" count="5" type="stmt"/>
        <line num="13" count="5" type="cond" truecount="2" falsecount="0"/>
      </file>
    </package>
    <package name="views">
      <metrics statements="16" coveredstatements="13" conditionals="9" coveredconditionals="7" methods="4" coveredmethods="4"/>
      <file name="About.vue" path="C:/Projetos/unity-test-course/src/views/About.vue">
        <metrics statements="16" coveredstatements="13" conditionals="9" coveredconditionals="7" methods="4" coveredmethods="4"/>
        <line num="7" count="5" type="stmt"/>
        <line num="8" count="5" type="stmt"/>
        <line num="9" count="5" type="stmt"/>
        <line num="11" count="5" type="stmt"/>
        <line num="19" count="5" type="stmt"/>
        <line num="21" count="5" type="stmt"/>
        <line num="22" count="2" type="cond" truecount="1" falsecount="1"/>
        <line num="23" count="0" type="stmt"/>
        <line num="26" count="2" type="stmt"/>
        <line num="29" count="5" type="stmt"/>
        <line num="30" count="2" type="cond" truecount="1" falsecount="1"/>
        <line num="31" count="0" type="stmt"/>
        <line num="35" count="2" type="stmt"/>
        <line num="47" count="0" type="cond" truecount="1" falsecount="0"/>
        <line num="52" count="1" type="cond" truecount="2" falsecount="0"/>
        <line num="55" count="2" type="cond" truecount="2" falsecount="0"/>
      </file>
    </package>
  </project>
</coverage>
