{"C:/Projetos/unity-test-course/src/components/TitleComponent.vue": {"path":"C:/Projetos/unity-test-course/src/components/TitleComponent.vue","statementMap":{"0":{"start":{"line":10,"column":0},"end":{"line":12,"column":3}},"1":{"start":{"line":11,"column":2},"end":{"line":11,"column":21}}},"fnMap":{"0":{"name":"(anonymous_1)","decl":{"start":{"line":10,"column":10},"end":{"line":10,"column":11}},"loc":{"start":{"line":10,"column":16},"end":{"line":12,"column":1}}}},"branchMap":{},"s":{"0":0,"1":0},"f":{"0":0},"b":{}}
,"C:/Projetos/unity-test-course/src/stores/appStore.js": {"path":"C:/Projetos/unity-test-course/src/stores/appStore.js","statementMap":{"0":{"start":{"line":3,"column":27},"end":{"line":16,"column":2}},"1":{"start":{"line":4,"column":16},"end":{"line":6,"column":3}},"2":{"start":{"line":9,"column":6},"end":{"line":9,"column":31}},"3":{"start":{"line":14,"column":27},"end":{"line":14,"column":42}}},"fnMap":{"0":{"name":"(anonymous_0)","decl":{"start":{"line":4,"column":9},"end":{"line":4,"column":10}},"loc":{"start":{"line":4,"column":16},"end":{"line":6,"column":3}}},"1":{"name":"(anonymous_1)","decl":{"start":{"line":8,"column":4},"end":{"line":8,"column":17}},"loc":{"start":{"line":8,"column":27},"end":{"line":10,"column":5}}},"2":{"name":"(anonymous_2)","decl":{"start":{"line":14,"column":16},"end":{"line":14,"column":17}},"loc":{"start":{"line":14,"column":27},"end":{"line":14,"column":42}}}},"branchMap":{},"s":{"0":1,"1":5,"2":0,"3":7},"f":{"0":5,"1":0,"2":7},"b":{}}
,"C:/Projetos/unity-test-course/src/utils/wrapperFactory.js": {"path":"C:/Projetos/unity-test-course/src/utils/wrapperFactory.js","statementMap":{"0":{"start":{"line":5,"column":23},"end":{"line":14,"column":1}},"1":{"start":{"line":7,"column":25},"end":{"line":11,"column":3}},"2":{"start":{"line":13,"column":2},"end":{"line":13,"column":71}}},"fnMap":{"0":{"name":"(anonymous_0)","decl":{"start":{"line":5,"column":23},"end":{"line":5,"column":24}},"loc":{"start":{"line":5,"column":47},"end":{"line":14,"column":1}}}},"branchMap":{"0":{"loc":{"start":{"line":13,"column":39},"end":{"line":13,"column":52}},"type":"binary-expr","locations":[{"start":{"line":13,"column":39},"end":{"line":13,"column":46}},{"start":{"line":13,"column":50},"end":{"line":13,"column":52}}]}},"s":{"0":1,"1":5,"2":5},"f":{"0":5},"b":{"0":[5,5]}}
,"C:/Projetos/unity-test-course/src/views/About.vue": {"path":"C:/Projetos/unity-test-course/src/views/About.vue","statementMap":{"0":{"start":{"line":7,"column":14},"end":{"line":7,"column":27}},"1":{"start":{"line":8,"column":14},"end":{"line":8,"column":26}},"2":{"start":{"line":9,"column":17},"end":{"line":9,"column":26}},"3":{"start":{"line":11,"column":13},"end":{"line":15,"column":2}},"4":{"start":{"line":19,"column":23},"end":{"line":19,"column":41}},"5":{"start":{"line":21,"column":0},"end":{"line":27,"column":3}},"6":{"start":{"line":22,"column":2},"end":{"line":24,"column":3}},"7":{"start":{"line":23,"column":4},"end":{"line":23,"column":11}},"8":{"start":{"line":26,"column":2},"end":{"line":26,"column":26}},"9":{"start":{"line":29,"column":0},"end":{"line":39,"column":3}},"10":{"start":{"line":30,"column":2},"end":{"line":32,"column":3}},"11":{"start":{"line":31,"column":4},"end":{"line":31,"column":11}},"12":{"start":{"line":35,"column":2},"end":{"line":38,"column":5}},"13":{"start":{"line":47,"column":48},"end":{"line":47,"column":null}},"14":{"start":{"line":52,"column":14},"end":{"line":52,"column":null}},"15":{"start":{"line":55,"column":18},"end":{"line":55,"column":38}}},"fnMap":{"0":{"name":"(anonymous_1)","decl":{"start":{"line":21,"column":18},"end":{"line":21,"column":19}},"loc":{"start":{"line":21,"column":26},"end":{"line":27,"column":1}}},"1":{"name":"(anonymous_2)","decl":{"start":{"line":29,"column":18},"end":{"line":29,"column":19}},"loc":{"start":{"line":29,"column":26},"end":{"line":39,"column":1}}},"2":{"name":"(anonymous_8)","decl":{"start":{"line":52,"column":12},"end":{"line":52,"column":14}},"loc":{"start":{"line":52,"column":14},"end":{"line":52,"column":null}}},"3":{"name":"(anonymous_9)","decl":{"start":{"line":55,"column":16},"end":{"line":55,"column":18}},"loc":{"start":{"line":55,"column":18},"end":{"line":55,"column":38}}}},"branchMap":{"0":{"loc":{"start":{"line":22,"column":2},"end":{"line":24,"column":3}},"type":"if","locations":[{"start":{"line":22,"column":2},"end":{"line":24,"column":3}},{"start":{"line":22,"column":2},"end":{"line":24,"column":3}}]},"1":{"loc":{"start":{"line":30,"column":2},"end":{"line":32,"column":3}},"type":"if","locations":[{"start":{"line":30,"column":2},"end":{"line":32,"column":3}},{"start":{"line":30,"column":2},"end":{"line":32,"column":3}}]},"2":{"loc":{"start":{"line":47,"column":17},"end":{"line":47,"column":48}},"type":"binary-expr","locations":[{"start":{"line":47,"column":17},"end":{"line":47,"column":48}}]},"3":{"loc":{"start":{"line":52,"column":12},"end":{"line":52,"column":null}},"type":"binary-expr","locations":[{"start":{"line":52,"column":12},"end":{"line":52,"column":14}},{"start":{"line":52,"column":12},"end":{"line":52,"column":null}}]},"4":{"loc":{"start":{"line":55,"column":16},"end":{"line":55,"column":40}},"type":"binary-expr","locations":[{"start":{"line":55,"column":16},"end":{"line":55,"column":18}},{"start":{"line":55,"column":16},"end":{"line":55,"column":40}}]}},"s":{"0":5,"1":5,"2":5,"3":5,"4":5,"5":5,"6":2,"7":0,"8":2,"9":5,"10":2,"11":0,"12":2,"13":0,"14":1,"15":2},"f":{"0":2,"1":2,"2":1,"3":2},"b":{"0":[0,2],"1":[0,2],"2":[7],"3":[7,5],"4":[8,5]}}
}
